*** Using Compiler 'V5.06 update 7 (build 960)', folder: 'C:\Keil_v5\ARM\ARMCC\Bin'
Build target 'Target 1'
compiling system.c...
compiling main.c...
compiling usart1.c...
APP\usart1.c(10): warning:  #1-D: last line of file ends without a newline
  #include "main.h"
APP\usart1.c: 1 warning, 0 errors
compiling led.c...
compiling key_1.c...
compiling public.c...
USER\public.c(33): warning:  #1-D: last line of file ends without a newline
  }
USER\public.c: 1 warning, 0 errors
compiling buzzer.c...
APP\buzzer.c(67): warning:  #1-D: last line of file ends without a newline
  }
APP\buzzer.c: 1 warning, 0 errors
compiling callback.c...
compiling system_init.c...
linking...
Program Size: Code=2576 RO-data=324 RW-data=84 ZI-data=516  
".\Objects\my_project_lunchbox.axf" - 0 Error(s), 3 Warning(s).
Build Time Elapsed:  00:00:02
